<?xml version="1.0" encoding="UTF-8"?>
<testsuite name="edu.hsutx.WeightedDirectedGraphTest" tests="4" skipped="0" failures="0" errors="0" timestamp="2025-10-14T22:45:42" hostname="baygel-IdeaPad-5-2-in-1-14AHP9" time="0.032">
  <properties/>
  <testcase name="testGetBFSPath()" classname="edu.hsutx.WeightedDirectedGraphTest" time="0.019"/>
  <testcase name="testGetDFSPath()" classname="edu.hsutx.WeightedDirectedGraphTest" time="0.001"/>
  <testcase name="testAdjacencyMatrix()" classname="edu.hsutx.WeightedDirectedGraphTest" time="0.003"/>
  <testcase name="testIsAdjacent()" classname="edu.hsutx.WeightedDirectedGraphTest" time="0.003"/>
  <system-out><![CDATA[]]></system-out>
  <system-err><![CDATA[]]></system-err>
</testsuite>
